TN:
SF:src\app.controller.ts
FN:6,(anonymous_2)
FNF:1
FNH:0
FNDA:0,(anonymous_2)
DA:1,0
DA:4,0
DA:6,0
DA:7,0
LF:4
LH:0
BRF:0
BRH:0
end_of_record
TN:
SF:src\auth\controllers\auth.controller.ts
FN:19,(anonymous_4)
FN:22,(anonymous_5)
FN:27,(anonymous_6)
FN:32,(anonymous_7)
FN:38,(anonymous_8)
FN:43,(anonymous_9)
FN:48,(anonymous_10)
FN:54,(anonymous_11)
FNF:8
FNH:0
FNDA:0,(anonymous_4)
FNDA:0,(anonymous_5)
FNDA:0,(anonymous_6)
FNDA:0,(anonymous_7)
FNDA:0,(anonymous_8)
FNDA:0,(anonymous_9)
FNDA:0,(anonymous_10)
FNDA:0,(anonymous_11)
DA:1,0
DA:11,0
DA:12,0
DA:13,0
DA:14,0
DA:15,0
DA:18,0
DA:19,0
DA:22,0
DA:23,0
DA:27,0
DA:28,0
DA:32,0
DA:33,0
DA:38,0
DA:39,0
DA:43,0
DA:44,0
DA:48,0
DA:49,0
DA:54,0
DA:55,0
LF:22
LH:0
BRDA:22,0,0,0
BRDA:22,0,1,0
BRDA:22,1,0,0
BRDA:22,1,1,0
BRDA:27,2,0,0
BRDA:27,2,1,0
BRDA:27,3,0,0
BRDA:27,3,1,0
BRDA:48,4,0,0
BRDA:48,4,1,0
BRDA:48,5,0,0
BRDA:48,5,1,0
BRDA:19,6,0,0
BRDA:19,6,1,0
BRDA:19,7,0,0
BRDA:19,7,1,0
BRF:16
BRH:0
end_of_record
TN:
SF:src\auth\controllers\users.controller.ts
FN:12,(anonymous_4)
FN:16,(anonymous_5)
FNF:2
FNH:0
FNDA:0,(anonymous_4)
FNDA:0,(anonymous_5)
DA:1,0
DA:7,0
DA:8,0
DA:11,0
DA:12,0
DA:16,0
DA:17,0
LF:7
LH:0
BRDA:12,0,0,0
BRDA:12,0,1,0
BRDA:12,1,0,0
BRDA:12,1,1,0
BRF:4
BRH:0
end_of_record
TN:
SF:src\auth\dto\login.dto.ts
FNF:0
FNH:0
DA:1,0
DA:3,0
DA:5,0
DA:8,0
LF:4
LH:0
BRF:0
BRH:0
end_of_record
TN:
SF:src\auth\dto\register.dto.ts
FNF:0
FNH:0
DA:1,0
DA:3,0
DA:5,0
DA:9,0
DA:12,0
LF:5
LH:0
BRF:0
BRH:0
end_of_record
TN:
SF:src\auth\dto\reset-password.dto.ts
FNF:0
FNH:0
DA:1,0
DA:3,0
DA:5,0
DA:9,0
LF:4
LH:0
BRF:0
BRH:0
end_of_record
TN:
SF:src\auth\entities\user.entity.ts
FN:37,(anonymous_2)
FN:37,(anonymous_3)
FNF:2
FNH:0
FNDA:0,(anonymous_2)
FNDA:0,(anonymous_3)
DA:1,1
DA:9,1
DA:12,1
DA:14,1
DA:17,1
DA:20,1
DA:23,1
DA:26,1
DA:29,1
DA:32,1
DA:35,1
DA:37,0
DA:38,1
DA:41,1
DA:44,1
LF:15
LH:14
BRDA:41,0,0,1
BRDA:41,0,1,0
BRDA:41,1,0,1
BRDA:41,1,1,1
BRDA:44,2,0,1
BRDA:44,2,1,0
BRDA:44,3,0,1
BRDA:44,3,1,1
BRF:8
BRH:6
end_of_record
TN:
SF:src\auth\guards\jwt-auth.guard.ts
FNF:0
FNH:0
DA:1,0
DA:2,0
DA:5,0
LF:3
LH:0
BRF:0
BRH:0
end_of_record
TN:
SF:src\auth\services\auth.service.ts
FN:21,(anonymous_13)
FN:28,(anonymous_14)
FN:62,(anonymous_15)
FN:97,(anonymous_16)
FN:113,(anonymous_17)
FN:133,(anonymous_18)
FN:154,(anonymous_19)
FN:172,(anonymous_20)
FNF:8
FNH:3
FNDA:5,(anonymous_13)
FNDA:2,(anonymous_14)
FNDA:3,(anonymous_15)
FNDA:0,(anonymous_16)
FNDA:0,(anonymous_17)
FNDA:0,(anonymous_18)
FNDA:0,(anonymous_19)
FNDA:0,(anonymous_20)
DA:1,1
DA:8,1
DA:9,1
DA:10,1
DA:11,1
DA:12,1
DA:16,1
DA:17,1
DA:20,1
DA:23,5
DA:24,5
DA:25,5
DA:29,2
DA:33,2
DA:34,1
DA:37,1
DA:38,1
DA:40,1
DA:47,1
DA:50,1
DA:55,1
DA:56,1
DA:63,3
DA:67,3
DA:68,1
DA:71,2
DA:76,2
DA:77,0
DA:80,2
DA:81,1
DA:84,1
DA:85,1
DA:87,1
DA:98,0
DA:102,0
DA:103,0
DA:106,0
DA:107,0
DA:108,0
DA:110,0
DA:114,0
DA:116,0
DA:117,0
DA:120,0
DA:121,0
DA:124,0
DA:125,0
DA:126,0
DA:128,0
DA:130,0
DA:134,0
DA:136,0
DA:138,0
DA:141,0
DA:142,0
DA:143,0
DA:145,0
DA:146,0
DA:147,0
DA:149,0
DA:151,0
DA:155,0
DA:159,0
DA:160,0
DA:163,0
DA:164,0
DA:165,0
DA:166,0
DA:167,0
DA:169,0
DA:173,0
DA:175,0
DA:176,0
DA:179,0
DA:180,0
LF:75
LH:32
BRDA:33,0,0,1
BRDA:33,0,1,1
BRDA:67,1,0,1
BRDA:67,1,1,2
BRDA:76,2,0,0
BRDA:76,2,1,2
BRDA:80,3,0,1
BRDA:80,3,1,1
BRDA:102,4,0,0
BRDA:102,4,1,0
BRDA:116,5,0,0
BRDA:116,5,1,0
BRDA:120,6,0,0
BRDA:120,6,1,0
BRDA:136,7,0,0
BRDA:136,7,1,0
BRDA:159,8,0,0
BRDA:159,8,1,0
BRDA:159,9,0,0
BRDA:159,9,1,0
BRDA:159,9,2,0
BRDA:175,10,0,0
BRDA:175,10,1,0
BRDA:23,11,0,1
BRDA:23,11,1,0
BRDA:23,12,0,1
BRDA:23,12,1,1
BRDA:23,13,0,1
BRDA:23,13,1,0
BRDA:23,14,0,1
BRDA:23,14,1,1
BRDA:24,15,0,1
BRDA:24,15,1,0
BRDA:24,16,0,1
BRDA:24,16,1,1
BRF:35
BRH:16
end_of_record
TN:
SF:src\auth\services\mail.service.ts
FN:9,(anonymous_11)
FN:22,(anonymous_12)
FN:50,(anonymous_13)
FNF:3
FNH:0
FNDA:0,(anonymous_11)
FNDA:0,(anonymous_12)
FNDA:0,(anonymous_13)
DA:1,1
DA:2,1
DA:3,1
DA:6,1
DA:9,0
DA:11,0
DA:23,0
DA:25,0
DA:37,0
DA:38,0
DA:41,0
DA:43,0
DA:46,0
DA:51,0
DA:53,0
DA:66,0
DA:67,0
DA:70,0
DA:72,0
DA:73,0
LF:20
LH:4
BRDA:9,0,0,1
BRDA:9,0,1,0
BRDA:9,1,0,1
BRDA:9,1,1,1
BRF:4
BRH:3
end_of_record
TN:
SF:src\auth\strategies\jwt.strategy.ts
FN:8,(anonymous_2)
FN:16,(anonymous_3)
FNF:2
FNH:0
FNDA:0,(anonymous_2)
FNDA:0,(anonymous_3)
DA:1,0
DA:2,0
DA:3,0
DA:4,0
DA:7,0
DA:8,0
DA:9,0
DA:17,0
DA:18,0
DA:20,0
LF:10
LH:0
BRDA:17,0,0,0
BRDA:17,0,1,0
BRDA:17,1,0,0
BRDA:17,1,1,0
BRDA:8,2,0,0
BRDA:8,2,1,0
BRDA:8,3,0,0
BRDA:8,3,1,0
BRF:8
BRH:0
end_of_record
TN:
SF:src\favorites\controllers\favorites.controller.ts
FN:16,(anonymous_4)
FN:19,(anonymous_5)
FN:24,(anonymous_6)
FN:29,(anonymous_7)
FNF:4
FNH:0
FNDA:0,(anonymous_4)
FNDA:0,(anonymous_5)
FNDA:0,(anonymous_6)
FNDA:0,(anonymous_7)
DA:1,0
DA:10,0
DA:11,0
DA:15,0
DA:16,0
DA:19,0
DA:20,0
DA:24,0
DA:25,0
DA:29,0
DA:30,0
LF:11
LH:0
BRDA:16,0,0,0
BRDA:16,0,1,0
BRDA:16,1,0,0
BRDA:16,1,1,0
BRF:4
BRH:0
end_of_record
TN:
SF:src\favorites\entities\favorite.entity.ts
FN:17,(anonymous_2)
FN:17,(anonymous_3)
FN:24,(anonymous_4)
FNF:3
FNH:0
FNDA:0,(anonymous_2)
FNDA:0,(anonymous_3)
FNDA:0,(anonymous_4)
DA:1,1
DA:9,1
DA:10,1
DA:13,1
DA:15,1
DA:17,0
DA:19,1
DA:22,1
DA:24,0
DA:26,1
DA:29,1
DA:32,1
LF:12
LH:10
BRDA:19,0,0,0
BRDA:19,0,1,1
BRDA:19,1,0,1
BRDA:19,1,1,0
BRDA:26,2,0,1
BRDA:26,2,1,0
BRDA:26,3,0,1
BRDA:26,3,1,1
BRDA:32,4,0,1
BRDA:32,4,1,0
BRDA:32,5,0,1
BRDA:32,5,1,1
BRF:12
BRH:8
end_of_record
TN:
SF:src\favorites\services\favorites.service.ts
FN:13,(anonymous_4)
FN:20,(anonymous_5)
FN:26,(anonymous_6)
FN:39,(anonymous_7)
FN:64,(anonymous_8)
FNF:5
FNH:0
FNDA:0,(anonymous_4)
FNDA:0,(anonymous_5)
FNDA:0,(anonymous_6)
FNDA:0,(anonymous_7)
FNDA:0,(anonymous_8)
DA:1,0
DA:6,0
DA:7,0
DA:8,0
DA:9,0
DA:12,0
DA:15,0
DA:17,0
DA:21,0
DA:26,0
DA:41,0
DA:43,0
DA:44,0
DA:48,0
DA:52,0
DA:53,0
DA:56,0
DA:61,0
DA:65,0
DA:69,0
DA:70,0
DA:73,0
DA:74,0
LF:23
LH:0
BRDA:43,0,0,0
BRDA:43,0,1,0
BRDA:52,1,0,0
BRDA:52,1,1,0
BRDA:69,2,0,0
BRDA:69,2,1,0
BRDA:15,3,0,0
BRDA:15,3,1,0
BRDA:15,4,0,0
BRDA:15,4,1,0
BRDA:15,5,0,0
BRDA:15,5,1,0
BRDA:15,6,0,0
BRDA:15,6,1,0
BRF:14
BRH:0
end_of_record
TN:
SF:src\movies\movies.graphql.ts
FN:6,(anonymous_4)
FN:39,(anonymous_5)
FN:42,(anonymous_6)
FN:48,(anonymous_7)
FN:41,(anonymous_8)
FN:47,(anonymous_9)
FN:37,(anonymous_10)
FNF:7
FNH:0
FNDA:0,(anonymous_4)
FNDA:0,(anonymous_5)
FNDA:0,(anonymous_6)
FNDA:0,(anonymous_7)
FNDA:0,(anonymous_8)
FNDA:0,(anonymous_9)
FNDA:0,(anonymous_10)
DA:1,0
DA:2,0
DA:5,0
DA:6,0
DA:7,0
DA:10,0
DA:13,0
DA:16,0
DA:19,0
DA:22,0
DA:25,0
DA:28,0
DA:31,0
DA:34,0
DA:37,0
DA:38,0
DA:39,0
DA:41,0
DA:42,0
DA:43,0
DA:44,0
DA:47,0
DA:48,0
DA:49,0
DA:50,0
DA:52,0
LF:26
LH:0
BRDA:44,0,0,0
BRDA:44,0,1,0
BRDA:42,1,0,0
BRDA:42,1,1,0
BRDA:42,2,0,0
BRDA:42,2,1,0
BRDA:48,3,0,0
BRDA:48,3,1,0
BRDA:48,4,0,0
BRDA:48,4,1,0
BRDA:39,5,0,0
BRDA:39,5,1,0
BRDA:39,6,0,0
BRDA:39,6,1,0
BRF:14
BRH:0
end_of_record
TN:
SF:src\movies\controllers\movies.controller.ts
FN:14,(anonymous_4)
FN:17,(anonymous_5)
FN:22,(anonymous_6)
FNF:3
FNH:0
FNDA:0,(anonymous_4)
FNDA:0,(anonymous_5)
FNDA:0,(anonymous_6)
DA:1,0
DA:9,0
DA:13,0
DA:14,0
DA:17,0
DA:18,0
DA:22,0
DA:23,0
LF:8
LH:0
BRDA:14,0,0,0
BRDA:14,0,1,0
BRDA:14,1,0,0
BRDA:14,1,1,0
BRF:4
BRH:0
end_of_record
TN:
SF:src\movies\entities\movie.entity.ts
FNF:0
FNH:0
DA:1,2
DA:10,2
DA:12,2
DA:15,2
DA:18,2
DA:21,2
DA:24,2
DA:27,2
DA:30,2
DA:33,2
DA:36,2
DA:39,2
DA:42,2
DA:45,2
DA:48,2
LF:15
LH:15
BRDA:45,0,0,2
BRDA:45,0,1,0
BRDA:45,1,0,2
BRDA:45,1,1,2
BRDA:48,2,0,2
BRDA:48,2,1,0
BRDA:48,3,0,2
BRDA:48,3,1,2
BRF:8
BRH:6
end_of_record
TN:
SF:src\movies\services\movies.service.ts
FN:13,(anonymous_5)
FN:21,(anonymous_6)
FN:39,(anonymous_7)
FN:45,(anonymous_8)
FN:54,(anonymous_9)
FN:112,(anonymous_10)
FN:116,(anonymous_11)
FN:130,(anonymous_12)
FN:147,(anonymous_13)
FN:157,(anonymous_14)
FNF:10
FNH:9
FNDA:5,(anonymous_5)
FNDA:2,(anonymous_6)
FNDA:1,(anonymous_7)
FNDA:1,(anonymous_8)
FNDA:3,(anonymous_9)
FNDA:2,(anonymous_10)
FNDA:0,(anonymous_11)
FNDA:2,(anonymous_12)
FNDA:2,(anonymous_13)
FNDA:3,(anonymous_14)
DA:1,1
DA:2,1
DA:3,1
DA:4,1
DA:5,1
DA:6,1
DA:9,1
DA:11,5
DA:15,5
DA:16,5
DA:18,5
DA:22,2
DA:24,2
DA:33,2
DA:34,1
DA:38,1
DA:40,1
DA:44,1
DA:45,1
DA:49,0
DA:50,0
DA:56,3
DA:58,3
DA:60,2
DA:61,0
DA:65,2
DA:66,2
DA:74,2
DA:75,1
DA:78,1
DA:80,1
DA:81,1
DA:83,0
DA:84,0
DA:89,2
DA:90,0
DA:91,0
DA:99,0
DA:100,0
DA:103,0
DA:107,2
DA:113,2
DA:117,0
DA:118,0
DA:119,0
DA:120,0
DA:121,0
DA:122,0
DA:123,0
DA:124,0
DA:125,0
DA:126,0
DA:127,0
DA:131,2
DA:144,2
DA:148,2
DA:150,2
DA:151,0
DA:153,2
DA:158,3
LF:60
LH:38
BRDA:33,0,0,1
BRDA:33,0,1,1
BRDA:39,1,0,1
BRDA:39,1,1,0
BRDA:58,2,0,2
BRDA:58,2,1,1
BRDA:60,3,0,0
BRDA:60,3,1,2
BRDA:60,4,0,2
BRDA:60,4,1,2
BRDA:74,5,0,1
BRDA:74,5,1,1
BRDA:80,6,0,1
BRDA:80,6,1,0
BRDA:89,7,0,0
BRDA:89,7,1,2
BRDA:89,8,0,2
BRDA:89,8,1,2
BRDA:89,8,2,2
BRDA:99,9,0,0
BRDA:99,9,1,0
BRDA:150,10,0,0
BRDA:150,10,1,2
BRDA:15,11,0,1
BRDA:15,11,1,0
BRDA:15,12,0,1
BRDA:15,12,1,1
BRDA:15,13,0,1
BRDA:15,13,1,0
BRDA:15,14,0,1
BRDA:15,14,1,1
BRF:31
BRH:22
end_of_record
